[0111/115035.946:ERROR:directory_reader_win.cc(43)] FindFirstFile: The system cannot find the path specified. (0x3)
[0114/153931.710:ERROR:process_memory_win.cc(73)] ReadMemory at 0x7ff7ed0b0000 of 64 bytes failed: Only part of a ReadProcessMemory or WriteProcessMemory request was completed. (0x12B)
[0114/153931.710:WARNING:pe_image_reader.cc(340)] could not read dos header from C:\Program Files\BraveSoftware\Brave-Browser\Application\brave.exe
[0114/153931.710:ERROR:process_memory_win.cc(73)] ReadMemory at 0x7ff9b3850000 of 64 bytes failed: Only part of a ReadProcessMemory or WriteProcessMemory request was completed. (0x12B)
[0114/153931.710:WARNING:pe_image_reader.cc(340)] could not read dos header from C:\Windows\SYSTEM32\ntdll.dll
[0114/153931.710:ERROR:process_memory_win.cc(73)] ReadMemory at 0x7ff9b2e60000 of 64 bytes failed: Only part of a ReadProcessMemory or WriteProcessMemory request was completed. (0x12B)
[0114/153931.710:WARNING:pe_image_reader.cc(340)] could not read dos header from C:\Windows\System32\KERNEL32.DLL
[0114/153931.710:ERROR:process_memory_win.cc(73)] ReadMemory at 0x7ff9b1150000 of 64 bytes failed: Only part of a ReadProcessMemory or WriteProcessMemory request was completed. (0x12B)
[0114/153931.710:WARNING:pe_image_reader.cc(340)] could not read dos header from C:\Windows\System32\KERNELBASE.dll
[0114/153931.710:ERROR:process_memory_win.cc(73)] ReadMemory at 0x7ff95b670000 of 64 bytes failed: Only part of a ReadProcessMemory or WriteProcessMemory request was completed. (0x12B)
[0114/153931.710:WARNING:pe_image_reader.cc(340)] could not read dos header from C:\Program Files\BraveSoftware\Brave-Browser\Application\87.1.18.78\chrome_elf.dll
[0114/153931.710:ERROR:process_memory_win.cc(73)] ReadMemory at 0x7ff9a99b0000 of 64 bytes failed: Only part of a ReadProcessMemory or WriteProcessMemory request was completed. (0x12B)
[0114/153931.710:WARNING:pe_image_reader.cc(340)] could not read dos header from C:\Windows\SYSTEM32\VERSION.dll
[0114/153931.710:ERROR:process_memory_win.cc(73)] ReadMemory at 0x7ff9b2dc0000 of 64 bytes failed: Only part of a ReadProcessMemory or WriteProcessMemory request was completed. (0x12B)
[0114/153931.710:WARNING:pe_image_reader.cc(340)] could not read dos header from C:\Windows\System32\msvcrt.dll
[0114/153931.710:ERROR:process_memory_win.cc(73)] ReadMemory at 0x7ff9b2a60000 of 64 bytes failed: Only part of a ReadProcessMemory or WriteProcessMemory request was completed. (0x12B)
[0114/153931.710:WARNING:pe_image_reader.cc(340)] could not read dos header from C:\Windows\System32\ADVAPI32.dll
[0114/153931.710:ERROR:process_memory_win.cc(73)] ReadMemory at 0x1ca2bd80000 of 64 bytes failed: Only part of a ReadProcessMemory or WriteProcessMemory request was completed. (0x12B)
[0114/153931.710:WARNING:pe_image_reader.cc(340)] could not read dos header from C:\Windows\System32\sechost.dll
[0114/153931.711:ERROR:process_memory_win.cc(73)] ReadMemory at 0x7ff9b2bd0000 of 64 bytes failed: Only part of a ReadProcessMemory or WriteProcessMemory request was completed. (0x12B)
[0114/153931.711:WARNING:pe_image_reader.cc(340)] could not read dos header from C:\Windows\System32\RPCRT4.dll
[0114/153931.711:ERROR:process_memory_win.cc(73)] ReadMemory at 0x7ff912570000 of 64 bytes failed: Only part of a ReadProcessMemory or WriteProcessMemory request was completed. (0x12B)
[0114/153931.711:WARNING:pe_image_reader.cc(340)] could not read dos header from C:\Program Files\BraveSoftware\Brave-Browser\Application\87.1.18.78\chrome.dll
[0114/153931.711:ERROR:process_memory_win.cc(73)] ReadMemory at 0x7ff9b2720000 of 64 bytes failed: Only part of a ReadProcessMemory or WriteProcessMemory request was completed. (0x12B)
[0114/153931.711:WARNING:pe_image_reader.cc(340)] could not read dos header from C:\Windows\System32\WS2_32.dll
[0114/153931.711:ERROR:process_memory_win.cc(73)] ReadMemory at 0x7ff9b1960000 of 64 bytes failed: Only part of a ReadProcessMemory or WriteProcessMemory request was completed. (0x12B)
[0114/153931.711:WARNING:pe_image_reader.cc(340)] could not read dos header from C:\Windows\System32\OLEAUT32.dll
[0114/153931.711:ERROR:process_memory_win.cc(73)] ReadMemory at 0x7ff9b16b0000 of 64 bytes failed: Only part of a ReadProcessMemory or WriteProcessMemory request was completed. (0x12B)
[0114/153931.711:WARNING:pe_image_reader.cc(340)] could not read dos header from C:\Windows\System32\msvcp_win.dll
[0114/153931.711:ERROR:process_memory_win.cc(73)] ReadMemory at 0x7ff9b1580000 of 64 bytes failed: Only part of a ReadProcessMemory or WriteProcessMemory request was completed. (0x12B)
[0114/153931.711:WARNING:pe_image_reader.cc(340)] could not read dos header from C:\Windows\System32\ucrtbase.dll
[0114/153931.711:ERROR:process_memory_win.cc(73)] ReadMemory at 0x7ff9b3220000 of 64 bytes failed: Only part of a ReadProcessMemory or WriteProcessMemory request was completed. (0x12B)
[0114/153931.711:WARNING:pe_image_reader.cc(340)] could not read dos header from C:\Windows\System32\combase.dll
[0114/153931.711:ERROR:process_memory_win.cc(73)] ReadMemory at 0x7ff9b10f0000 of 64 bytes failed: Only part of a ReadProcessMemory or WriteProcessMemory request was completed. (0x12B)
[0114/153931.711:WARNING:pe_image_reader.cc(340)] could not read dos header from C:\Windows\System32\WINTRUST.dll
[0114/153931.711:ERROR:process_memory_win.cc(73)] ReadMemory at 0x7ff9b1420000 of 64 bytes failed: Only part of a ReadProcessMemory or WriteProcessMemory request was completed. (0x12B)
[0114/153931.711:WARNING:pe_image_reader.cc(340)] could not read dos header from C:\Windows\System32\CRYPT32.dll
[0114/153931.711:ERROR:process_memory_win.cc(73)] ReadMemory at 0x7ff9aeaa0000 of 64 bytes failed: Only part of a ReadProcessMemory or WriteProcessMemory request was completed. (0x12B)
[0114/153931.711:WARNING:pe_image_reader.cc(340)] could not read dos header from C:\Windows\SYSTEM32\dbghelp.dll
[0114/153931.711:ERROR:process_memory_win.cc(73)] ReadMemory at 0x7ff9b0420000 of 64 bytes failed: Only part of a ReadProcessMemory or WriteProcessMemory request was completed. (0x12B)
[0114/153931.711:WARNING:pe_image_reader.cc(340)] could not read dos header from C:\Windows\SYSTEM32\IPHLPAPI.DLL
[0114/153931.711:ERROR:process_memory_win.cc(73)] ReadMemory at 0x7ff9a1c20000 of 64 bytes failed: Only part of a ReadProcessMemory or WriteProcessMemory request was completed. (0x12B)
[0114/153931.711:WARNING:pe_image_reader.cc(340)] could not read dos header from C:\Windows\SYSTEM32\WINMM.dll
[0114/153931.711:ERROR:process_memory_win.cc(73)] ReadMemory at 0x7ff9759b0000 of 64 bytes failed: Only part of a ReadProcessMemory or WriteProcessMemory request was completed. (0x12B)
[0114/153931.711:WARNING:pe_image_reader.cc(340)] could not read dos header from C:\Windows\SYSTEM32\UIAutomationCore.DLL
[0114/153931.711:ERROR:process_memory_win.cc(73)] ReadMemory at 0x7ff98ea10000 of 64 bytes failed: Only part of a ReadProcessMemory or WriteProcessMemory request was completed. (0x12B)
[0114/153931.711:WARNING:pe_image_reader.cc(340)] could not read dos header from C:\Windows\SYSTEM32\Secur32.dll
[0114/153931.711:ERROR:process_memory_win.cc(73)] ReadMemory at 0x7ff9b0e80000 of 64 bytes failed: Only part of a ReadProcessMemory or WriteProcessMemory request was completed. (0x12B)
[0114/153931.711:WARNING:pe_image_reader.cc(340)] could not read dos header from C:\Windows\SYSTEM32\USERENV.dll
[0114/153931.711:ERROR:process_memory_win.cc(73)] ReadMemory at 0x7ff9ae3d0000 of 64 bytes failed: Only part of a ReadProcessMemory or WriteProcessMemory request was completed. (0x12B)
[0114/153931.711:WARNING:pe_image_reader.cc(340)] could not read dos header from C:\Windows\SYSTEM32\DWrite.dll
[0114/153931.711:ERROR:process_memory_win.cc(73)] ReadMemory at 0x7ff99b020000 of 64 bytes failed: Only part of a ReadProcessMemory or WriteProcessMemory request was completed. (0x12B)
[0114/153931.711:WARNING:pe_image_reader.cc(340)] could not read dos header from C:\Windows\SYSTEM32\WINSPOOL.DRV
[0114/153931.711:ERROR:process_memory_win.cc(73)] ReadMemory at 0x7ff9a1900000 of 64 bytes failed: Only part of a ReadProcessMemory or WriteProcessMemory request was completed. (0x12B)
[0114/153931.711:WARNING:pe_image_reader.cc(340)] could not read dos header from C:\Windows\SYSTEM32\WINHTTP.dll
[0114/153931.711:ERROR:process_memory_win.cc(73)] ReadMemory at 0x7ff9a9170000 of 64 bytes failed: Only part of a ReadProcessMemory or WriteProcessMemory request was completed. (0x12B)
[0114/153931.711:WARNING:pe_image_reader.cc(340)] could not read dos header from C:\Windows\SYSTEM32\dhcpcsvc.DLL
[0114/153931.711:ERROR:process_memory_win.cc(73)] ReadMemory at 0x7ff9ac280000 of 64 bytes failed: Only part of a ReadProcessMemory or WriteProcessMemory request was completed. (0x12B)
[0114/153931.711:WARNING:pe_image_reader.cc(340)] could not read dos header from C:\Windows\SYSTEM32\PROPSYS.dll
[0114/153931.711:ERROR:process_memory_win.cc(73)] ReadMemory at 0x7ff9b0e40000 of 64 bytes failed: Only part of a ReadProcessMemory or WriteProcessMemory request was completed. (0x12B)
[0114/153931.711:WARNING:pe_image_reader.cc(340)] could not read dos header from C:\Windows\SYSTEM32\SSPICLI.DLL
[0114/153931.711:ERROR:process_memory_win.cc(73)] ReadMemory at 0x7ff9b0b80000 of 64 bytes failed: Only part of a ReadProcessMemory or WriteProcessMemory request was completed. (0x12B)
[0114/153931.711:WARNING:pe_image_reader.cc(340)] could not read dos header from C:\Windows\System32\MSASN1.dll
[0114/153931.711:ERROR:process_memory_win.cc(73)] ReadMemory at 0x7ff9b1070000 of 64 bytes failed: Only part of a ReadProcessMemory or WriteProcessMemory request was completed. (0x12B)
[0114/153931.711:WARNING:pe_image_reader.cc(340)] could not read dos header from C:\Windows\System32\bcryptPrimitives.dll
[0114/153931.711:ERROR:process_memory_win.cc(73)] ReadMemory at 0x7ff9b0950000 of 64 bytes failed: Only part of a ReadProcessMemory or WriteProcessMemory request was completed. (0x12B)
[0114/153931.711:WARNING:pe_image_reader.cc(340)] could not read dos header from C:\Windows\SYSTEM32\CRYPTBASE.DLL
[0114/153931.714:ERROR:process_memory_win.cc(73)] ReadMemory at 0x7ff7ed0b0000 of 64 bytes failed: Only part of a ReadProcessMemory or WriteProcessMemory request was completed. (0x12B)
[0114/153931.714:WARNING:pe_image_reader.cc(340)] could not read dos header from C:\Program Files\BraveSoftware\Brave-Browser\Application\brave.exe
[0114/153931.714:ERROR:process_memory_win.cc(73)] ReadMemory at 0x7ff9b3850000 of 64 bytes failed: Only part of a ReadProcessMemory or WriteProcessMemory request was completed. (0x12B)
[0114/153931.714:WARNING:pe_image_reader.cc(340)] could not read dos header from C:\Windows\SYSTEM32\ntdll.dll
[0114/153931.714:ERROR:process_memory_win.cc(73)] ReadMemory at 0x7ff9b2e60000 of 64 bytes failed: Only part of a ReadProcessMemory or WriteProcessMemory request was completed. (0x12B)
[0114/153931.714:WARNING:pe_image_reader.cc(340)] could not read dos header from C:\Windows\System32\KERNEL32.DLL
[0114/153931.714:ERROR:process_memory_win.cc(73)] ReadMemory at 0x7ff9b1150000 of 64 bytes failed: Only part of a ReadProcessMemory or WriteProcessMemory request was completed. (0x12B)
[0114/153931.714:WARNING:pe_image_reader.cc(340)] could not read dos header from C:\Windows\System32\KERNELBASE.dll
[0114/153931.714:ERROR:process_memory_win.cc(73)] ReadMemory at 0x7ff95b670000 of 64 bytes failed: Only part of a ReadProcessMemory or WriteProcessMemory request was completed. (0x12B)
[0114/153931.714:WARNING:pe_image_reader.cc(340)] could not read dos header from C:\Program Files\BraveSoftware\Brave-Browser\Application\87.1.18.78\chrome_elf.dll
[0114/153931.714:ERROR:process_memory_win.cc(73)] ReadMemory at 0x7ff9a99b0000 of 64 bytes failed: Only part of a ReadProcessMemory or WriteProcessMemory request was completed. (0x12B)
[0114/153931.714:WARNING:pe_image_reader.cc(340)] could not read dos header from C:\Windows\SYSTEM32\VERSION.dll
[0114/153931.714:ERROR:process_memory_win.cc(73)] ReadMemory at 0x7ff9b2dc0000 of 64 bytes failed: Only part of a ReadProcessMemory or WriteProcessMemory request was completed. (0x12B)
[0114/153931.714:WARNING:pe_image_reader.cc(340)] could not read dos header from C:\Windows\System32\msvcrt.dll
[0114/153931.714:ERROR:process_memory_win.cc(73)] ReadMemory at 0x7ff9b2a60000 of 64 bytes failed: Only part of a ReadProcessMemory or WriteProcessMemory request was completed. (0x12B)
[0114/153931.714:WARNING:pe_image_reader.cc(340)] could not read dos header from C:\Windows\System32\ADVAPI32.dll
[0114/153931.714:ERROR:process_memory_win.cc(73)] ReadMemory at 0x1ca2bd80000 of 64 bytes failed: Only part of a ReadProcessMemory or WriteProcessMemory request was completed. (0x12B)
[0114/153931.714:WARNING:pe_image_reader.cc(340)] could not read dos header from C:\Windows\System32\sechost.dll
[0114/153931.714:ERROR:process_memory_win.cc(73)] ReadMemory at 0x7ff9b2bd0000 of 64 bytes failed: Only part of a ReadProcessMemory or WriteProcessMemory request was completed. (0x12B)
[0114/153931.714:WARNING:pe_image_reader.cc(340)] could not read dos header from C:\Windows\System32\RPCRT4.dll
[0114/153931.714:ERROR:process_memory_win.cc(73)] ReadMemory at 0x7ff912570000 of 64 bytes failed: Only part of a ReadProcessMemory or WriteProcessMemory request was completed. (0x12B)
[0114/153931.714:WARNING:pe_image_reader.cc(340)] could not read dos header from C:\Program Files\BraveSoftware\Brave-Browser\Application\87.1.18.78\chrome.dll
[0114/153931.714:ERROR:process_memory_win.cc(73)] ReadMemory at 0x7ff9b2720000 of 64 bytes failed: Only part of a ReadProcessMemory or WriteProcessMemory request was completed. (0x12B)
[0114/153931.714:WARNING:pe_image_reader.cc(340)] could not read dos header from C:\Windows\System32\WS2_32.dll
[0114/153931.714:ERROR:process_memory_win.cc(73)] ReadMemory at 0x7ff9b1960000 of 64 bytes failed: Only part of a ReadProcessMemory or WriteProcessMemory request was completed. (0x12B)
[0114/153931.714:WARNING:pe_image_reader.cc(340)] could not read dos header from C:\Windows\System32\OLEAUT32.dll
[0114/153931.714:ERROR:process_memory_win.cc(73)] ReadMemory at 0x7ff9b16b0000 of 64 bytes failed: Only part of a ReadProcessMemory or WriteProcessMemory request was completed. (0x12B)
[0114/153931.714:WARNING:pe_image_reader.cc(340)] could not read dos header from C:\Windows\System32\msvcp_win.dll
[0114/153931.714:ERROR:process_memory_win.cc(73)] ReadMemory at 0x7ff9b1580000 of 64 bytes failed: Only part of a ReadProcessMemory or WriteProcessMemory request was completed. (0x12B)
[0114/153931.714:WARNING:pe_image_reader.cc(340)] could not read dos header from C:\Windows\System32\ucrtbase.dll
[0114/153931.714:ERROR:process_memory_win.cc(73)] ReadMemory at 0x7ff9b3220000 of 64 bytes failed: Only part of a ReadProcessMemory or WriteProcessMemory request was completed. (0x12B)
[0114/153931.714:WARNING:pe_image_reader.cc(340)] could not read dos header from C:\Windows\System32\combase.dll
[0114/153931.714:ERROR:process_memory_win.cc(73)] ReadMemory at 0x7ff9b10f0000 of 64 bytes failed: Only part of a ReadProcessMemory or WriteProcessMemory request was completed. (0x12B)
[0114/153931.714:WARNING:pe_image_reader.cc(340)] could not read dos header from C:\Windows\System32\WINTRUST.dll
[0114/153931.714:ERROR:process_memory_win.cc(73)] ReadMemory at 0x7ff9b1420000 of 64 bytes failed: Only part of a ReadProcessMemory or WriteProcessMemory request was completed. (0x12B)
[0114/153931.714:WARNING:pe_image_reader.cc(340)] could not read dos header from C:\Windows\System32\CRYPT32.dll
[0114/153931.714:ERROR:process_memory_win.cc(73)] ReadMemory at 0x7ff9aeaa0000 of 64 bytes failed: Only part of a ReadProcessMemory or WriteProcessMemory request was completed. (0x12B)
[0114/153931.714:WARNING:pe_image_reader.cc(340)] could not read dos header from C:\Windows\SYSTEM32\dbghelp.dll
[0114/153931.714:ERROR:process_memory_win.cc(73)] ReadMemory at 0x7ff9b0420000 of 64 bytes failed: Only part of a ReadProcessMemory or WriteProcessMemory request was completed. (0x12B)
[0114/153931.714:WARNING:pe_image_reader.cc(340)] could not read dos header from C:\Windows\SYSTEM32\IPHLPAPI.DLL
[0114/153931.714:ERROR:process_memory_win.cc(73)] ReadMemory at 0x7ff9a1c20000 of 64 bytes failed: Only part of a ReadProcessMemory or WriteProcessMemory request was completed. (0x12B)
[0114/153931.714:WARNING:pe_image_reader.cc(340)] could not read dos header from C:\Windows\SYSTEM32\WINMM.dll
[0114/153931.714:ERROR:process_memory_win.cc(73)] ReadMemory at 0x7ff9759b0000 of 64 bytes failed: Only part of a ReadProcessMemory or WriteProcessMemory request was completed. (0x12B)
[0114/153931.714:WARNING:pe_image_reader.cc(340)] could not read dos header from C:\Windows\SYSTEM32\UIAutomationCore.DLL
[0114/153931.714:ERROR:process_memory_win.cc(73)] ReadMemory at 0x7ff98ea10000 of 64 bytes failed: Only part of a ReadProcessMemory or WriteProcessMemory request was completed. (0x12B)
[0114/153931.714:WARNING:pe_image_reader.cc(340)] could not read dos header from C:\Windows\SYSTEM32\Secur32.dll
[0114/153931.714:ERROR:process_memory_win.cc(73)] ReadMemory at 0x7ff9b0e80000 of 64 bytes failed: Only part of a ReadProcessMemory or WriteProcessMemory request was completed. (0x12B)
[0114/153931.714:WARNING:pe_image_reader.cc(340)] could not read dos header from C:\Windows\SYSTEM32\USERENV.dll
[0114/153931.714:ERROR:process_memory_win.cc(73)] ReadMemory at 0x7ff9ae3d0000 of 64 bytes failed: Only part of a ReadProcessMemory or WriteProcessMemory request was completed. (0x12B)
[0114/153931.714:WARNING:pe_image_reader.cc(340)] could not read dos header from C:\Windows\SYSTEM32\DWrite.dll
[0114/153931.714:ERROR:process_memory_win.cc(73)] ReadMemory at 0x7ff99b020000 of 64 bytes failed: Only part of a ReadProcessMemory or WriteProcessMemory request was completed. (0x12B)
[0114/153931.714:WARNING:pe_image_reader.cc(340)] could not read dos header from C:\Windows\SYSTEM32\WINSPOOL.DRV
[0114/153931.714:ERROR:process_memory_win.cc(73)] ReadMemory at 0x7ff9a1900000 of 64 bytes failed: Only part of a ReadProcessMemory or WriteProcessMemory request was completed. (0x12B)
[0114/153931.714:WARNING:pe_image_reader.cc(340)] could not read dos header from C:\Windows\SYSTEM32\WINHTTP.dll
[0114/153931.714:ERROR:process_memory_win.cc(73)] ReadMemory at 0x7ff9a9170000 of 64 bytes failed: Only part of a ReadProcessMemory or WriteProcessMemory request was completed. (0x12B)
[0114/153931.714:WARNING:pe_image_reader.cc(340)] could not read dos header from C:\Windows\SYSTEM32\dhcpcsvc.DLL
[0114/153931.714:ERROR:process_memory_win.cc(73)] ReadMemory at 0x7ff9ac280000 of 64 bytes failed: Only part of a ReadProcessMemory or WriteProcessMemory request was completed. (0x12B)
[0114/153931.714:WARNING:pe_image_reader.cc(340)] could not read dos header from C:\Windows\SYSTEM32\PROPSYS.dll
[0114/153931.714:ERROR:process_memory_win.cc(73)] ReadMemory at 0x7ff9b0e40000 of 64 bytes failed: Only part of a ReadProcessMemory or WriteProcessMemory request was completed. (0x12B)
[0114/153931.714:WARNING:pe_image_reader.cc(340)] could not read dos header from C:\Windows\SYSTEM32\SSPICLI.DLL
[0114/153931.714:ERROR:process_memory_win.cc(73)] ReadMemory at 0x7ff9b0b80000 of 64 bytes failed: Only part of a ReadProcessMemory or WriteProcessMemory request was completed. (0x12B)
[0114/153931.714:WARNING:pe_image_reader.cc(340)] could not read dos header from C:\Windows\System32\MSASN1.dll
[0114/153931.714:ERROR:process_memory_win.cc(73)] ReadMemory at 0x7ff9b1070000 of 64 bytes failed: Only part of a ReadProcessMemory or WriteProcessMemory request was completed. (0x12B)
[0114/153931.714:WARNING:pe_image_reader.cc(340)] could not read dos header from C:\Windows\System32\bcryptPrimitives.dll
[0114/153931.714:ERROR:process_memory_win.cc(73)] ReadMemory at 0x7ff9b0950000 of 64 bytes failed: Only part of a ReadProcessMemory or WriteProcessMemory request was completed. (0x12B)
[0114/153931.714:WARNING:pe_image_reader.cc(340)] could not read dos header from C:\Windows\SYSTEM32\CRYPTBASE.DLL
[0114/153931.714:ERROR:process_memory_win.cc(73)] ReadMemory at 0x7ff7ed0b0000 of 64 bytes failed: Only part of a ReadProcessMemory or WriteProcessMemory request was completed. (0x12B)
[0114/153931.715:WARNING:pe_image_reader.cc(340)] could not read dos header from C:\Program Files\BraveSoftware\Brave-Browser\Application\brave.exe
[0114/153931.715:ERROR:process_memory_win.cc(73)] ReadMemory at 0x7ff9b3850000 of 64 bytes failed: Only part of a ReadProcessMemory or WriteProcessMemory request was completed. (0x12B)
[0114/153931.715:WARNING:pe_image_reader.cc(340)] could not read dos header from C:\Windows\SYSTEM32\ntdll.dll
[0114/153931.715:ERROR:process_memory_win.cc(73)] ReadMemory at 0x7ff9b2e60000 of 64 bytes failed: Only part of a ReadProcessMemory or WriteProcessMemory request was completed. (0x12B)
[0114/153931.715:WARNING:pe_image_reader.cc(340)] could not read dos header from C:\Windows\System32\KERNEL32.DLL
[0114/153931.715:ERROR:process_memory_win.cc(73)] ReadMemory at 0x7ff9b1150000 of 64 bytes failed: Only part of a ReadProcessMemory or WriteProcessMemory request was completed. (0x12B)
[0114/153931.715:WARNING:pe_image_reader.cc(340)] could not read dos header from C:\Windows\System32\KERNELBASE.dll
[0114/153931.715:ERROR:process_memory_win.cc(73)] ReadMemory at 0x7ff95b670000 of 64 bytes failed: Only part of a ReadProcessMemory or WriteProcessMemory request was completed. (0x12B)
[0114/153931.715:WARNING:pe_image_reader.cc(340)] could not read dos header from C:\Program Files\BraveSoftware\Brave-Browser\Application\87.1.18.78\chrome_elf.dll
[0114/153931.715:ERROR:process_memory_win.cc(73)] ReadMemory at 0x7ff9a99b0000 of 64 bytes failed: Only part of a ReadProcessMemory or WriteProcessMemory request was completed. (0x12B)
[0114/153931.715:WARNING:pe_image_reader.cc(340)] could not read dos header from C:\Windows\SYSTEM32\VERSION.dll
[0114/153931.715:ERROR:process_memory_win.cc(73)] ReadMemory at 0x7ff9b2dc0000 of 64 bytes failed: Only part of a ReadProcessMemory or WriteProcessMemory request was completed. (0x12B)
[0114/153931.715:WARNING:pe_image_reader.cc(340)] could not read dos header from C:\Windows\System32\msvcrt.dll
[0114/153931.715:ERROR:process_memory_win.cc(73)] ReadMemory at 0x7ff9b2a60000 of 64 bytes failed: Only part of a ReadProcessMemory or WriteProcessMemory request was completed. (0x12B)
[0114/153931.715:WARNING:pe_image_reader.cc(340)] could not read dos header from C:\Windows\System32\ADVAPI32.dll
[0114/153931.715:ERROR:process_memory_win.cc(73)] ReadMemory at 0x1ca2bd80000 of 64 bytes failed: Only part of a ReadProcessMemory or WriteProcessMemory request was completed. (0x12B)
[0114/153931.715:WARNING:pe_image_reader.cc(340)] could not read dos header from C:\Windows\System32\sechost.dll
[0114/153931.715:ERROR:process_memory_win.cc(73)] ReadMemory at 0x7ff9b2bd0000 of 64 bytes failed: Only part of a ReadProcessMemory or WriteProcessMemory request was completed. (0x12B)
[0114/153931.715:WARNING:pe_image_reader.cc(340)] could not read dos header from C:\Windows\System32\RPCRT4.dll
[0114/153931.715:ERROR:process_memory_win.cc(73)] ReadMemory at 0x7ff912570000 of 64 bytes failed: Only part of a ReadProcessMemory or WriteProcessMemory request was completed. (0x12B)
[0114/153931.715:WARNING:pe_image_reader.cc(340)] could not read dos header from C:\Program Files\BraveSoftware\Brave-Browser\Application\87.1.18.78\chrome.dll
[0114/153931.715:ERROR:process_memory_win.cc(73)] ReadMemory at 0x7ff9b2720000 of 64 bytes failed: Only part of a ReadProcessMemory or WriteProcessMemory request was completed. (0x12B)
[0114/153931.715:WARNING:pe_image_reader.cc(340)] could not read dos header from C:\Windows\System32\WS2_32.dll
[0114/153931.715:ERROR:process_memory_win.cc(73)] ReadMemory at 0x7ff9b1960000 of 64 bytes failed: Only part of a ReadProcessMemory or WriteProcessMemory request was completed. (0x12B)
[0114/153931.715:WARNING:pe_image_reader.cc(340)] could not read dos header from C:\Windows\System32\OLEAUT32.dll
[0114/153931.715:ERROR:process_memory_win.cc(73)] ReadMemory at 0x7ff9b16b0000 of 64 bytes failed: Only part of a ReadProcessMemory or WriteProcessMemory request was completed. (0x12B)
[0114/153931.715:WARNING:pe_image_reader.cc(340)] could not read dos header from C:\Windows\System32\msvcp_win.dll
[0114/153931.715:ERROR:process_memory_win.cc(73)] ReadMemory at 0x7ff9b1580000 of 64 bytes failed: Only part of a ReadProcessMemory or WriteProcessMemory request was completed. (0x12B)
[0114/153931.715:WARNING:pe_image_reader.cc(340)] could not read dos header from C:\Windows\System32\ucrtbase.dll
[0114/153931.715:ERROR:process_memory_win.cc(73)] ReadMemory at 0x7ff9b3220000 of 64 bytes failed: Only part of a ReadProcessMemory or WriteProcessMemory request was completed. (0x12B)
[0114/153931.715:WARNING:pe_image_reader.cc(340)] could not read dos header from C:\Windows\System32\combase.dll
[0114/153931.715:ERROR:process_memory_win.cc(73)] ReadMemory at 0x7ff9b10f0000 of 64 bytes failed: Only part of a ReadProcessMemory or WriteProcessMemory request was completed. (0x12B)
[0114/153931.715:WARNING:pe_image_reader.cc(340)] could not read dos header from C:\Windows\System32\WINTRUST.dll
[0114/153931.715:ERROR:process_memory_win.cc(73)] ReadMemory at 0x7ff9b1420000 of 64 bytes failed: Only part of a ReadProcessMemory or WriteProcessMemory request was completed. (0x12B)
[0114/153931.715:WARNING:pe_image_reader.cc(340)] could not read dos header from C:\Windows\System32\CRYPT32.dll
[0114/153931.715:ERROR:process_memory_win.cc(73)] ReadMemory at 0x7ff9aeaa0000 of 64 bytes failed: Only part of a ReadProcessMemory or WriteProcessMemory request was completed. (0x12B)
[0114/153931.715:WARNING:pe_image_reader.cc(340)] could not read dos header from C:\Windows\SYSTEM32\dbghelp.dll
[0114/153931.715:ERROR:process_memory_win.cc(73)] ReadMemory at 0x7ff9b0420000 of 64 bytes failed: Only part of a ReadProcessMemory or WriteProcessMemory request was completed. (0x12B)
[0114/153931.715:WARNING:pe_image_reader.cc(340)] could not read dos header from C:\Windows\SYSTEM32\IPHLPAPI.DLL
[0114/153931.715:ERROR:process_memory_win.cc(73)] ReadMemory at 0x7ff9a1c20000 of 64 bytes failed: Only part of a ReadProcessMemory or WriteProcessMemory request was completed. (0x12B)
[0114/153931.715:WARNING:pe_image_reader.cc(340)] could not read dos header from C:\Windows\SYSTEM32\WINMM.dll
[0114/153931.715:ERROR:process_memory_win.cc(73)] ReadMemory at 0x7ff9759b0000 of 64 bytes failed: Only part of a ReadProcessMemory or WriteProcessMemory request was completed. (0x12B)
[0114/153931.715:WARNING:pe_image_reader.cc(340)] could not read dos header from C:\Windows\SYSTEM32\UIAutomationCore.DLL
[0114/153931.715:ERROR:process_memory_win.cc(73)] ReadMemory at 0x7ff98ea10000 of 64 bytes failed: Only part of a ReadProcessMemory or WriteProcessMemory request was completed. (0x12B)
[0114/153931.715:WARNING:pe_image_reader.cc(340)] could not read dos header from C:\Windows\SYSTEM32\Secur32.dll
[0114/153931.715:ERROR:process_memory_win.cc(73)] ReadMemory at 0x7ff9b0e80000 of 64 bytes failed: Only part of a ReadProcessMemory or WriteProcessMemory request was completed. (0x12B)
[0114/153931.715:WARNING:pe_image_reader.cc(340)] could not read dos header from C:\Windows\SYSTEM32\USERENV.dll
[0114/153931.715:ERROR:process_memory_win.cc(73)] ReadMemory at 0x7ff9ae3d0000 of 64 bytes failed: Only part of a ReadProcessMemory or WriteProcessMemory request was completed. (0x12B)
[0114/153931.715:WARNING:pe_image_reader.cc(340)] could not read dos header from C:\Windows\SYSTEM32\DWrite.dll
[0114/153931.715:ERROR:process_memory_win.cc(73)] ReadMemory at 0x7ff99b020000 of 64 bytes failed: Only part of a ReadProcessMemory or WriteProcessMemory request was completed. (0x12B)
[0114/153931.715:WARNING:pe_image_reader.cc(340)] could not read dos header from C:\Windows\SYSTEM32\WINSPOOL.DRV
[0114/153931.715:ERROR:process_memory_win.cc(73)] ReadMemory at 0x7ff9a1900000 of 64 bytes failed: Only part of a ReadProcessMemory or WriteProcessMemory request was completed. (0x12B)
[0114/153931.715:WARNING:pe_image_reader.cc(340)] could not read dos header from C:\Windows\SYSTEM32\WINHTTP.dll
[0114/153931.715:ERROR:process_memory_win.cc(73)] ReadMemory at 0x7ff9a9170000 of 64 bytes failed: Only part of a ReadProcessMemory or WriteProcessMemory request was completed. (0x12B)
[0114/153931.715:WARNING:pe_image_reader.cc(340)] could not read dos header from C:\Windows\SYSTEM32\dhcpcsvc.DLL
[0114/153931.715:ERROR:process_memory_win.cc(73)] ReadMemory at 0x7ff9ac280000 of 64 bytes failed: Only part of a ReadProcessMemory or WriteProcessMemory request was completed. (0x12B)
[0114/153931.715:WARNING:pe_image_reader.cc(340)] could not read dos header from C:\Windows\SYSTEM32\PROPSYS.dll
[0114/153931.715:ERROR:process_memory_win.cc(73)] ReadMemory at 0x7ff9b0e40000 of 64 bytes failed: Only part of a ReadProcessMemory or WriteProcessMemory request was completed. (0x12B)
[0114/153931.715:WARNING:pe_image_reader.cc(340)] could not read dos header from C:\Windows\SYSTEM32\SSPICLI.DLL
[0114/153931.715:ERROR:process_memory_win.cc(73)] ReadMemory at 0x7ff9b0b80000 of 64 bytes failed: Only part of a ReadProcessMemory or WriteProcessMemory request was completed. (0x12B)
[0114/153931.715:WARNING:pe_image_reader.cc(340)] could not read dos header from C:\Windows\System32\MSASN1.dll
[0114/153931.715:ERROR:process_memory_win.cc(73)] ReadMemory at 0x7ff9b1070000 of 64 bytes failed: Only part of a ReadProcessMemory or WriteProcessMemory request was completed. (0x12B)
[0114/153931.715:WARNING:pe_image_reader.cc(340)] could not read dos header from C:\Windows\System32\bcryptPrimitives.dll
[0114/153931.715:ERROR:process_memory_win.cc(73)] ReadMemory at 0x7ff9b0950000 of 64 bytes failed: Only part of a ReadProcessMemory or WriteProcessMemory request was completed. (0x12B)
[0114/153931.715:WARNING:pe_image_reader.cc(340)] could not read dos header from C:\Windows\SYSTEM32\CRYPTBASE.DLL
[0114/153931.719:ERROR:process_memory_win.cc(73)] ReadMemory at 0x4d53fe4000 of 114688 bytes failed: Only part of a ReadProcessMemory or WriteProcessMemory request was completed. (0x12B)
[0114/153931.719:ERROR:process_memory_win.cc(73)] ReadMemory at 0x4d547fe000 of 8192 bytes failed: Only part of a ReadProcessMemory or WriteProcessMemory request was completed. (0x12B)
[0114/153931.719:ERROR:process_memory_win.cc(73)] ReadMemory at 0x4d54ffc000 of 16384 bytes failed: Only part of a ReadProcessMemory or WriteProcessMemory request was completed. (0x12B)
[0114/153931.719:ERROR:process_memory_win.cc(73)] ReadMemory at 0x4d557fe000 of 8192 bytes failed: Only part of a ReadProcessMemory or WriteProcessMemory request was completed. (0x12B)
[0114/153931.719:ERROR:process_memory_win.cc(73)] ReadMemory at 0x4d55ffc000 of 16384 bytes failed: Only part of a ReadProcessMemory or WriteProcessMemory request was completed. (0x12B)
[0114/153931.719:ERROR:process_memory_win.cc(73)] ReadMemory at 0x4d567fd000 of 12288 bytes failed: Only part of a ReadProcessMemory or WriteProcessMemory request was completed. (0x12B)
[0114/153931.719:ERROR:process_memory_win.cc(73)] ReadMemory at 0x4d56ffe000 of 8192 bytes failed: Only part of a ReadProcessMemory or WriteProcessMemory request was completed. (0x12B)
[0114/153931.719:ERROR:process_memory_win.cc(73)] ReadMemory at 0x4d577fe000 of 8192 bytes failed: Only part of a ReadProcessMemory or WriteProcessMemory request was completed. (0x12B)
[0114/153931.719:ERROR:process_memory_win.cc(73)] ReadMemory at 0x4d57ffd000 of 12288 bytes failed: Only part of a ReadProcessMemory or WriteProcessMemory request was completed. (0x12B)
[0114/153931.719:ERROR:process_memory_win.cc(73)] ReadMemory at 0x4d587fe000 of 8192 bytes failed: Only part of a ReadProcessMemory or WriteProcessMemory request was completed. (0x12B)
[0114/153931.719:ERROR:process_memory_win.cc(73)] ReadMemory at 0x4d58ffe000 of 8192 bytes failed: Only part of a ReadProcessMemory or WriteProcessMemory request was completed. (0x12B)
[0114/153931.719:ERROR:process_memory_win.cc(73)] ReadMemory at 0x4d597fe000 of 8192 bytes failed: Only part of a ReadProcessMemory or WriteProcessMemory request was completed. (0x12B)
[0114/153931.719:ERROR:process_memory_win.cc(73)] ReadMemory at 0x4d59ffe000 of 8192 bytes failed: Only part of a ReadProcessMemory or WriteProcessMemory request was completed. (0x12B)
[0114/153931.719:ERROR:process_memory_win.cc(73)] ReadMemory at 0x4d5a7fe000 of 8192 bytes failed: Only part of a ReadProcessMemory or WriteProcessMemory request was completed. (0x12B)
[0114/153931.719:ERROR:process_memory_win.cc(73)] ReadMemory at 0x4d5affe000 of 8192 bytes failed: Only part of a ReadProcessMemory or WriteProcessMemory request was completed. (0x12B)
[0114/153931.719:ERROR:process_memory_win.cc(73)] ReadMemory at 0x4d5b7fe000 of 8192 bytes failed: Only part of a ReadProcessMemory or WriteProcessMemory request was completed. (0x12B)
[0114/153931.719:ERROR:process_memory_win.cc(73)] ReadMemory at 0x4d5bffc000 of 16384 bytes failed: Only part of a ReadProcessMemory or WriteProcessMemory request was completed. (0x12B)
[0114/153931.719:ERROR:process_memory_win.cc(73)] ReadMemory at 0x4d5c7fc000 of 16384 bytes failed: Only part of a ReadProcessMemory or WriteProcessMemory request was completed. (0x12B)
[0114/153931.720:ERROR:process_memory_win.cc(73)] ReadMemory at 0x4d5cffc000 of 16384 bytes failed: Only part of a ReadProcessMemory or WriteProcessMemory request was completed. (0x12B)
[0114/153931.720:ERROR:process_memory_win.cc(73)] ReadMemory at 0x4d5d7fc000 of 16384 bytes failed: Only part of a ReadProcessMemory or WriteProcessMemory request was completed. (0x12B)
[0114/153931.720:ERROR:process_memory_win.cc(73)] ReadMemory at 0x4d5dffd000 of 12288 bytes failed: Only part of a ReadProcessMemory or WriteProcessMemory request was completed. (0x12B)
[0114/153931.720:ERROR:process_memory_win.cc(73)] ReadMemory at 0x4d5e7fd000 of 12288 bytes failed: Only part of a ReadProcessMemory or WriteProcessMemory request was completed. (0x12B)
[0114/153931.720:ERROR:process_memory_win.cc(73)] ReadMemory at 0x4d5effc000 of 16384 bytes failed: Only part of a ReadProcessMemory or WriteProcessMemory request was completed. (0x12B)
[0114/153931.720:ERROR:process_memory_win.cc(73)] ReadMemory at 0x4d5f7fc000 of 16384 bytes failed: Only part of a ReadProcessMemory or WriteProcessMemory request was completed. (0x12B)
[0114/153931.720:ERROR:process_memory_win.cc(73)] ReadMemory at 0x4d5fffe000 of 8192 bytes failed: Only part of a ReadProcessMemory or WriteProcessMemory request was completed. (0x12B)
[0114/153931.720:ERROR:process_memory_win.cc(73)] ReadMemory at 0x4d607fe000 of 8192 bytes failed: Only part of a ReadProcessMemory or WriteProcessMemory request was completed. (0x12B)
[0114/153931.720:ERROR:process_memory_win.cc(73)] ReadMemory at 0x4d53600000 of 6024 bytes failed: Only part of a ReadProcessMemory or WriteProcessMemory request was completed. (0x12B)
[0114/153931.720:ERROR:process_memory_win.cc(73)] ReadMemory at 0x4d53602000 of 6024 bytes failed: Only part of a ReadProcessMemory or WriteProcessMemory request was completed. (0x12B)
[0114/153931.720:ERROR:process_memory_win.cc(73)] ReadMemory at 0x4d537ce000 of 852 bytes failed: Only part of a ReadProcessMemory or WriteProcessMemory request was completed. (0x12B)
[0114/153931.720:ERROR:process_memory_win.cc(73)] ReadMemory at 0x4d537cf000 of 6024 bytes failed: Only part of a ReadProcessMemory or WriteProcessMemory request was completed. (0x12B)
[0114/153931.720:ERROR:process_memory_win.cc(73)] ReadMemory at 0x4d537d1000 of 6024 bytes failed: Only part of a ReadProcessMemory or WriteProcessMemory request was completed. (0x12B)
[0114/153931.720:ERROR:process_memory_win.cc(73)] ReadMemory at 0x4d537d3000 of 6024 bytes failed: Only part of a ReadProcessMemory or WriteProcessMemory request was completed. (0x12B)
[0114/153931.720:ERROR:process_memory_win.cc(73)] ReadMemory at 0x4d537d5000 of 6024 bytes failed: Only part of a ReadProcessMemory or WriteProcessMemory request was completed. (0x12B)
[0114/153931.720:ERROR:process_memory_win.cc(73)] ReadMemory at 0x4d537d7000 of 6024 bytes failed: Only part of a ReadProcessMemory or WriteProcessMemory request was completed. (0x12B)
[0114/153931.720:ERROR:process_memory_win.cc(73)] ReadMemory at 0x4d537d9000 of 6024 bytes failed: Only part of a ReadProcessMemory or WriteProcessMemory request was completed. (0x12B)
[0114/153931.720:ERROR:process_memory_win.cc(73)] ReadMemory at 0x4d537db000 of 6024 bytes failed: Only part of a ReadProcessMemory or WriteProcessMemory request was completed. (0x12B)
[0114/153931.720:ERROR:process_memory_win.cc(73)] ReadMemory at 0x4d537dd000 of 6024 bytes failed: Only part of a ReadProcessMemory or WriteProcessMemory request was completed. (0x12B)
[0114/153931.720:ERROR:process_memory_win.cc(73)] ReadMemory at 0x4d537df000 of 6024 bytes failed: Only part of a ReadProcessMemory or WriteProcessMemory request was completed. (0x12B)
[0114/153931.720:ERROR:process_memory_win.cc(73)] ReadMemory at 0x4d537e1000 of 6024 bytes failed: Only part of a ReadProcessMemory or WriteProcessMemory request was completed. (0x12B)
[0114/153931.720:ERROR:process_memory_win.cc(73)] ReadMemory at 0x4d537e3000 of 6024 bytes failed: Only part of a ReadProcessMemory or WriteProcessMemory request was completed. (0x12B)
[0114/153931.720:ERROR:process_memory_win.cc(73)] ReadMemory at 0x4d537e5000 of 6024 bytes failed: Only part of a ReadProcessMemory or WriteProcessMemory request was completed. (0x12B)
[0114/153931.720:ERROR:process_memory_win.cc(73)] ReadMemory at 0x4d537e7000 of 6024 bytes failed: Only part of a ReadProcessMemory or WriteProcessMemory request was completed. (0x12B)
[0114/153931.720:ERROR:process_memory_win.cc(73)] ReadMemory at 0x4d537e9000 of 6024 bytes failed: Only part of a ReadProcessMemory or WriteProcessMemory request was completed. (0x12B)
[0114/153931.720:ERROR:process_memory_win.cc(73)] ReadMemory at 0x4d537eb000 of 6024 bytes failed: Only part of a ReadProcessMemory or WriteProcessMemory request was completed. (0x12B)
[0114/153931.720:ERROR:process_memory_win.cc(73)] ReadMemory at 0x4d537ed000 of 6024 bytes failed: Only part of a ReadProcessMemory or WriteProcessMemory request was completed. (0x12B)
[0114/153931.720:ERROR:process_memory_win.cc(73)] ReadMemory at 0x4d537ef000 of 6024 bytes failed: Only part of a ReadProcessMemory or WriteProcessMemory request was completed. (0x12B)
[0114/153931.720:ERROR:process_memory_win.cc(73)] ReadMemory at 0x4d537f1000 of 6024 bytes failed: Only part of a ReadProcessMemory or WriteProcessMemory request was completed. (0x12B)
[0114/153931.720:ERROR:process_memory_win.cc(73)] ReadMemory at 0x4d537f3000 of 6024 bytes failed: Only part of a ReadProcessMemory or WriteProcessMemory request was completed. (0x12B)
[0114/153931.720:ERROR:process_memory_win.cc(73)] ReadMemory at 0x4d537f5000 of 6024 bytes failed: Only part of a ReadProcessMemory or WriteProcessMemory request was completed. (0x12B)
[0114/153931.720:ERROR:process_memory_win.cc(73)] ReadMemory at 0x4d537f7000 of 6024 bytes failed: Only part of a ReadProcessMemory or WriteProcessMemory request was completed. (0x12B)
[0114/153931.720:ERROR:process_memory_win.cc(73)] ReadMemory at 0x4d537f9000 of 6024 bytes failed: Only part of a ReadProcessMemory or WriteProcessMemory request was completed. (0x12B)
[0114/153931.720:ERROR:process_memory_win.cc(73)] ReadMemory at 0x4d537fb000 of 6024 bytes failed: Only part of a ReadProcessMemory or WriteProcessMemory request was completed. (0x12B)
[0114/153931.720:ERROR:process_memory_win.cc(73)] ReadMemory at 0x4d537fd000 of 6024 bytes failed: Only part of a ReadProcessMemory or WriteProcessMemory request was completed. (0x12B)
[0114/153931.720:ERROR:process_memory_win.cc(73)] ReadMemory at 0x1ca2b631fe0 of 1012 bytes failed: Only part of a ReadProcessMemory or WriteProcessMemory request was completed. (0x12B)
[0114/153931.720:ERROR:process_memory_win.cc(73)] ReadMemory at 0x1ca2b632628 of 132 bytes failed: Only part of a ReadProcessMemory or WriteProcessMemory request was completed. (0x12B)
[0114/153931.721:ERROR:process_memory_win.cc(73)] ReadMemory at 0x1ca2b6326ae of 2022 bytes failed: Only part of a ReadProcessMemory or WriteProcessMemory request was completed. (0x12B)
[0114/153931.721:ERROR:process_memory_win.cc(73)] ReadMemory at 0x1ca2b632e96 of 132 bytes failed: Only part of a ReadProcessMemory or WriteProcessMemory request was completed. (0x12B)
[0114/153931.721:ERROR:process_memory_win.cc(73)] ReadMemory at 0x1ca2b632f1c of 96 bytes failed: Only part of a ReadProcessMemory or WriteProcessMemory request was completed. (0x12B)
[0114/153931.721:ERROR:process_memory_win.cc(73)] ReadMemory at 0x1ca2b632f90 of 58 bytes failed: Only part of a ReadProcessMemory or WriteProcessMemory request was completed. (0x12B)
[0114/153931.721:ERROR:process_memory_win.cc(73)] ReadMemory at 0x1ca2b633090 of 132 bytes failed: Only part of a ReadProcessMemory or WriteProcessMemory request was completed. (0x12B)
[0114/153931.721:ERROR:process_memory_win.cc(73)] ReadMemory at 0x1ca2b633220 of 132 bytes failed: Only part of a ReadProcessMemory or WriteProcessMemory request was completed. (0x12B)
[0114/153931.721:ERROR:process_memory_win.cc(73)] ReadMemory at 0x1ca2b6333e0 of 136 bytes failed: Only part of a ReadProcessMemory or WriteProcessMemory request was completed. (0x12B)
[0114/153931.721:ERROR:process_memory_win.cc(73)] ReadMemory at 0x1ca2b6338e0 of 132 bytes failed: Only part of a ReadProcessMemory or WriteProcessMemory request was completed. (0x12B)
[0114/153931.721:ERROR:process_memory_win.cc(73)] ReadMemory at 0x1ca2b633a70 of 64 bytes failed: Only part of a ReadProcessMemory or WriteProcessMemory request was completed. (0x12B)
[0114/153931.721:ERROR:process_memory_win.cc(73)] ReadMemory at 0x1ca2b633c30 of 132 bytes failed: Only part of a ReadProcessMemory or WriteProcessMemory request was completed. (0x12B)
[0114/153931.721:ERROR:process_memory_win.cc(73)] ReadMemory at 0x1ca2b633ef0 of 132 bytes failed: Only part of a ReadProcessMemory or WriteProcessMemory request was completed. (0x12B)
[0114/153931.721:ERROR:process_memory_win.cc(73)] ReadMemory at 0x1ca2b634080 of 68 bytes failed: Only part of a ReadProcessMemory or WriteProcessMemory request was completed. (0x12B)
[0114/153931.721:ERROR:process_memory_win.cc(73)] ReadMemory at 0x1ca2b6353c0 of 132 bytes failed: Only part of a ReadProcessMemory or WriteProcessMemory request was completed. (0x12B)
[0114/153931.721:ERROR:process_memory_win.cc(73)] ReadMemory at 0x1ca2b6354f0 of 164 bytes failed: Only part of a ReadProcessMemory or WriteProcessMemory request was completed. (0x12B)
[0114/153931.721:ERROR:process_memory_win.cc(73)] ReadMemory at 0x1ca2b6361a0 of 60 bytes failed: Only part of a ReadProcessMemory or WriteProcessMemory request was completed. (0x12B)
[0114/153931.721:ERROR:process_memory_win.cc(73)] ReadMemory at 0x1ca2b636240 of 62 bytes failed: Only part of a ReadProcessMemory or WriteProcessMemory request was completed. (0x12B)
[0114/153931.721:ERROR:process_memory_win.cc(73)] ReadMemory at 0x1ca2b636430 of 132 bytes failed: Only part of a ReadProcessMemory or WriteProcessMemory request was completed. (0x12B)
[0114/153931.721:ERROR:process_memory_win.cc(73)] ReadMemory at 0x1ca2b6433f0 of 80 bytes failed: Only part of a ReadProcessMemory or WriteProcessMemory request was completed. (0x12B)
[0114/153931.721:ERROR:process_memory_win.cc(73)] ReadMemory at 0x1ca2b6436f0 of 64 bytes failed: Only part of a ReadProcessMemory or WriteProcessMemory request was completed. (0x12B)
[0114/153931.721:ERROR:process_memory_win.cc(73)] ReadMemory at 0x1ca2b643880 of 64 bytes failed: Only part of a ReadProcessMemory or WriteProcessMemory request was completed. (0x12B)
[0114/153931.721:ERROR:process_memory_win.cc(73)] ReadMemory at 0x1ca2b6438d0 of 62 bytes failed: Only part of a ReadProcessMemory or WriteProcessMemory request was completed. (0x12B)
[0114/153931.721:ERROR:process_memory_win.cc(73)] ReadMemory at 0x1ca2b643920 of 66 bytes failed: Only part of a ReadProcessMemory or WriteProcessMemory request was completed. (0x12B)
[0114/153931.721:ERROR:process_memory_win.cc(73)] ReadMemory at 0x1ca2b6439c0 of 60 bytes failed: Only part of a ReadProcessMemory or WriteProcessMemory request was completed. (0x12B)
[0114/153931.721:ERROR:process_memory_win.cc(73)] ReadMemory at 0x1ca2b643b00 of 64 bytes failed: Only part of a ReadProcessMemory or WriteProcessMemory request was completed. (0x12B)
[0114/153931.721:ERROR:process_memory_win.cc(73)] ReadMemory at 0x1ca2b643ce0 of 60 bytes failed: Only part of a ReadProcessMemory or WriteProcessMemory request was completed. (0x12B)
[0114/153931.721:ERROR:process_memory_win.cc(73)] ReadMemory at 0x1ca2b644560 of 156 bytes failed: Only part of a ReadProcessMemory or WriteProcessMemory request was completed. (0x12B)
[0114/153931.721:ERROR:process_memory_win.cc(73)] ReadMemory at 0x1ca2b645990 of 132 bytes failed: Only part of a ReadProcessMemory or WriteProcessMemory request was completed. (0x12B)
[0114/153931.721:ERROR:process_memory_win.cc(73)] ReadMemory at 0x1ca2b645ac0 of 132 bytes failed: Only part of a ReadProcessMemory or WriteProcessMemory request was completed. (0x12B)
[0114/153931.721:ERROR:process_memory_win.cc(73)] ReadMemory at 0x1ca2b645bf0 of 132 bytes failed: Only part of a ReadProcessMemory or WriteProcessMemory request was completed. (0x12B)
[0114/153931.721:ERROR:process_memory_win.cc(73)] ReadMemory at 0x1ca2b645d20 of 132 bytes failed: Only part of a ReadProcessMemory or WriteProcessMemory request was completed. (0x12B)
[0114/153931.721:ERROR:process_memory_win.cc(73)] ReadMemory at 0x1ca2b645e50 of 132 bytes failed: Only part of a ReadProcessMemory or WriteProcessMemory request was completed. (0x12B)
[0114/153931.721:ERROR:process_memory_win.cc(73)] ReadMemory at 0x1ca2b645f80 of 132 bytes failed: Only part of a ReadProcessMemory or WriteProcessMemory request was completed. (0x12B)
[0114/153931.721:ERROR:process_memory_win.cc(73)] ReadMemory at 0x1ca2b6460b0 of 132 bytes failed: Only part of a ReadProcessMemory or WriteProcessMemory request was completed. (0x12B)
[0114/153931.721:ERROR:process_memory_win.cc(73)] ReadMemory at 0x1ca2b6461e0 of 132 bytes failed: Only part of a ReadProcessMemory or WriteProcessMemory request was completed. (0x12B)
[0114/153931.721:ERROR:process_memory_win.cc(73)] ReadMemory at 0x1ca2b646310 of 132 bytes failed: Only part of a ReadProcessMemory or WriteProcessMemory request was completed. (0x12B)
[0114/153931.721:ERROR:process_memory_win.cc(73)] ReadMemory at 0x1ca2b646440 of 132 bytes failed: Only part of a ReadProcessMemory or WriteProcessMemory request was completed. (0x12B)
[0114/153931.721:ERROR:process_memory_win.cc(73)] ReadMemory at 0x1ca2b646570 of 132 bytes failed: Only part of a ReadProcessMemory or WriteProcessMemory request was completed. (0x12B)
[0114/153931.721:ERROR:process_memory_win.cc(73)] ReadMemory at 0x1ca2b6466a0 of 132 bytes failed: Only part of a ReadProcessMemory or WriteProcessMemory request was completed. (0x12B)
[0114/153931.721:ERROR:process_memory_win.cc(73)] ReadMemory at 0x1ca2b6467d0 of 132 bytes failed: Only part of a ReadProcessMemory or WriteProcessMemory request was completed. (0x12B)
[0114/153931.721:ERROR:process_memory_win.cc(73)] ReadMemory at 0x1ca2b6469f0 of 64 bytes failed: Only part of a ReadProcessMemory or WriteProcessMemory request was completed. (0x12B)
[0114/153931.721:ERROR:process_memory_win.cc(73)] ReadMemory at 0x1ca2b646a90 of 64 bytes failed: Only part of a ReadProcessMemory or WriteProcessMemory request was completed. (0x12B)
[0114/153931.722:ERROR:process_memory_win.cc(73)] ReadMemory at 0x1ca2b646b80 of 62 bytes failed: Only part of a ReadProcessMemory or WriteProcessMemory request was completed. (0x12B)
[0114/153931.722:ERROR:process_memory_win.cc(73)] ReadMemory at 0x1ca2b646c20 of 62 bytes failed: Only part of a ReadProcessMemory or WriteProcessMemory request was completed. (0x12B)
[0114/153931.722:ERROR:process_memory_win.cc(73)] ReadMemory at 0x1ca2b646e50 of 62 bytes failed: Only part of a ReadProcessMemory or WriteProcessMemory request was completed. (0x12B)
[0114/153931.722:ERROR:process_memory_win.cc(73)] ReadMemory at 0x1ca2b646ef0 of 58 bytes failed: Only part of a ReadProcessMemory or WriteProcessMemory request was completed. (0x12B)
[0114/153931.722:ERROR:process_memory_win.cc(73)] ReadMemory at 0x1ca2b646f40 of 62 bytes failed: Only part of a ReadProcessMemory or WriteProcessMemory request was completed. (0x12B)
[0114/153931.722:ERROR:process_memory_win.cc(73)] ReadMemory at 0x1ca2b646fe0 of 62 bytes failed: Only part of a ReadProcessMemory or WriteProcessMemory request was completed. (0x12B)
[0114/153931.722:ERROR:process_memory_win.cc(73)] ReadMemory at 0x1ca2b647030 of 64 bytes failed: Only part of a ReadProcessMemory or WriteProcessMemory request was completed. (0x12B)
[0114/153931.722:ERROR:process_memory_win.cc(73)] ReadMemory at 0x1ca2b6472b0 of 60 bytes failed: Only part of a ReadProcessMemory or WriteProcessMemory request was completed. (0x12B)
[0114/153931.722:ERROR:process_memory_win.cc(73)] ReadMemory at 0x1ca2b6473a0 of 62 bytes failed: Only part of a ReadProcessMemory or WriteProcessMemory request was completed. (0x12B)
[0114/153931.722:ERROR:process_memory_win.cc(73)] ReadMemory at 0x1ca2b6476c0 of 62 bytes failed: Only part of a ReadProcessMemory or WriteProcessMemory request was completed. (0x12B)
[0114/153931.722:ERROR:process_memory_win.cc(73)] ReadMemory at 0x1ca2b6477b0 of 60 bytes failed: Only part of a ReadProcessMemory or WriteProcessMemory request was completed. (0x12B)
[0114/153931.722:ERROR:process_memory_win.cc(73)] ReadMemory at 0x1ca2b647800 of 64 bytes failed: Only part of a ReadProcessMemory or WriteProcessMemory request was completed. (0x12B)
[0114/153931.722:ERROR:process_memory_win.cc(73)] ReadMemory at 0x1ca2b6478f0 of 62 bytes failed: Only part of a ReadProcessMemory or WriteProcessMemory request was completed. (0x12B)
[0114/153931.722:ERROR:process_memory_win.cc(73)] ReadMemory at 0x1ca2b648e30 of 132 bytes failed: Only part of a ReadProcessMemory or WriteProcessMemory request was completed. (0x12B)
[0114/153931.722:ERROR:process_memory_win.cc(73)] ReadMemory at 0x1ca2b649100 of 132 bytes failed: Only part of a ReadProcessMemory or WriteProcessMemory request was completed. (0x12B)
[0114/153931.722:ERROR:process_memory_win.cc(73)] ReadMemory at 0x1ca2b64aa00 of 132 bytes failed: Only part of a ReadProcessMemory or WriteProcessMemory request was completed. (0x12B)
[0114/153931.722:ERROR:process_memory_win.cc(73)] ReadMemory at 0x1ca2b64ab30 of 132 bytes failed: Only part of a ReadProcessMemory or WriteProcessMemory request was completed. (0x12B)
[0114/153931.722:ERROR:process_memory_win.cc(73)] ReadMemory at 0x1ca2b64ae50 of 132 bytes failed: Only part of a ReadProcessMemory or WriteProcessMemory request was completed. (0x12B)
[0114/153931.722:ERROR:process_memory_win.cc(73)] ReadMemory at 0x1ca2b64b070 of 132 bytes failed: Only part of a ReadProcessMemory or WriteProcessMemory request was completed. (0x12B)
[0114/153931.722:ERROR:process_memory_win.cc(73)] ReadMemory at 0x1ca2b64b3c0 of 132 bytes failed: Only part of a ReadProcessMemory or WriteProcessMemory request was completed. (0x12B)
[0114/153931.722:ERROR:process_memory_win.cc(73)] ReadMemory at 0x1ca2b64c180 of 132 bytes failed: Only part of a ReadProcessMemory or WriteProcessMemory request was completed. (0x12B)
[0114/153931.722:ERROR:process_memory_win.cc(73)] ReadMemory at 0x1ca2b64d720 of 80 bytes failed: Only part of a ReadProcessMemory or WriteProcessMemory request was completed. (0x12B)
[0114/153931.722:ERROR:process_memory_win.cc(73)] ReadMemory at 0x1ca2b650ea0 of 132 bytes failed: Only part of a ReadProcessMemory or WriteProcessMemory request was completed. (0x12B)
[0114/153931.722:ERROR:process_memory_win.cc(73)] ReadMemory at 0x1ca2b653a10 of 132 bytes failed: Only part of a ReadProcessMemory or WriteProcessMemory request was completed. (0x12B)
[0114/153931.722:ERROR:process_memory_win.cc(73)] ReadMemory at 0x1ca2b653d20 of 512 bytes failed: Only part of a ReadProcessMemory or WriteProcessMemory request was completed. (0x12B)
[0114/153931.722:ERROR:process_memory_win.cc(73)] ReadMemory at 0x1ca2b654800 of 512 bytes failed: Only part of a ReadProcessMemory or WriteProcessMemory request was completed. (0x12B)
[0114/153931.722:ERROR:process_memory_win.cc(73)] ReadMemory at 0x1ca2b654ab0 of 132 bytes failed: Only part of a ReadProcessMemory or WriteProcessMemory request was completed. (0x12B)
[0114/153931.722:ERROR:process_memory_win.cc(73)] ReadMemory at 0x1ca2b654be0 of 132 bytes failed: Only part of a ReadProcessMemory or WriteProcessMemory request was completed. (0x12B)
[0114/153931.722:ERROR:process_memory_win.cc(73)] ReadMemory at 0x1ca2b6d56c0 of 512 bytes failed: Only part of a ReadProcessMemory or WriteProcessMemory request was completed. (0x12B)
[0114/153931.722:ERROR:process_memory_win.cc(73)] ReadMemory at 0x1ca2b6ec910 of 560 bytes failed: Only part of a ReadProcessMemory or WriteProcessMemory request was completed. (0x12B)
[0114/153931.722:ERROR:process_memory_win.cc(73)] ReadMemory at 0x1ca2b6fd1e0 of 712 bytes failed: Only part of a ReadProcessMemory or WriteProcessMemory request was completed. (0x12B)
[0114/153931.722:ERROR:process_memory_win.cc(73)] ReadMemory at 0x1ca2b6fd840 of 512 bytes failed: Only part of a ReadProcessMemory or WriteProcessMemory request was completed. (0x12B)
[0114/153931.722:ERROR:process_memory_win.cc(73)] ReadMemory at 0x1ca2b971300 of 512 bytes failed: Only part of a ReadProcessMemory or WriteProcessMemory request was completed. (0x12B)
[0114/153931.722:ERROR:process_memory_win.cc(73)] ReadMemory at 0x1ca2bf17b00 of 512 bytes failed: Only part of a ReadProcessMemory or WriteProcessMemory request was completed. (0x12B)
[0114/153931.722:ERROR:process_memory_win.cc(73)] ReadMemory at 0x1ca2bf1bae0 of 512 bytes failed: Only part of a ReadProcessMemory or WriteProcessMemory request was completed. (0x12B)
[0114/153931.722:ERROR:process_memory_win.cc(73)] ReadMemory at 0x1ca2bf2ac78 of 512 bytes failed: Only part of a ReadProcessMemory or WriteProcessMemory request was completed. (0x12B)
[0114/153931.722:ERROR:process_memory_win.cc(73)] ReadMemory at 0x1ca2e141968 of 512 bytes failed: Only part of a ReadProcessMemory or WriteProcessMemory request was completed. (0x12B)
[0114/153931.722:ERROR:process_memory_win.cc(73)] ReadMemory at 0x1ca2e1eb008 of 512 bytes failed: Only part of a ReadProcessMemory or WriteProcessMemory request was completed. (0x12B)
[0114/153931.722:ERROR:process_memory_win.cc(73)] ReadMemory at 0x1ca2e405f70 of 536 bytes failed: Only part of a ReadProcessMemory or WriteProcessMemory request was completed. (0x12B)
[0114/153931.722:ERROR:process_memory_win.cc(73)] ReadMemory at 0x243006ff4e10 of 560 bytes failed: Only part of a ReadProcessMemory or WriteProcessMemory request was completed. (0x12B)
[0114/153931.722:ERROR:process_memory_win.cc(73)] ReadMemory at 0x27d838fac000 of 384 bytes failed: Only part of a ReadProcessMemory or WriteProcessMemory request was completed. (0x12B)
[0114/153931.723:ERROR:process_memory_win.cc(73)] ReadMemory at 0x27d839024000 of 384 bytes failed: Only part of a ReadProcessMemory or WriteProcessMemory request was completed. (0x12B)
[0114/153931.723:ERROR:process_memory_win.cc(73)] ReadMemory at 0x27d839287f80 of 512 bytes failed: Only part of a ReadProcessMemory or WriteProcessMemory request was completed. (0x12B)
[0114/153931.723:ERROR:process_memory_win.cc(73)] ReadMemory at 0x27d8394d7f80 of 512 bytes failed: Only part of a ReadProcessMemory or WriteProcessMemory request was completed. (0x12B)
[0114/153931.723:ERROR:process_memory_win.cc(73)] ReadMemory at 0x27d8394ebf80 of 512 bytes failed: Only part of a ReadProcessMemory or WriteProcessMemory request was completed. (0x12B)
[0114/153931.723:ERROR:process_memory_win.cc(73)] ReadMemory at 0x27d83950bf80 of 512 bytes failed: Only part of a ReadProcessMemory or WriteProcessMemory request was completed. (0x12B)
[0114/153931.723:ERROR:process_memory_win.cc(73)] ReadMemory at 0x27d83951ff80 of 512 bytes failed: Only part of a ReadProcessMemory or WriteProcessMemory request was completed. (0x12B)
[0114/153931.723:ERROR:process_memory_win.cc(73)] ReadMemory at 0x27d839524f80 of 512 bytes failed: Only part of a ReadProcessMemory or WriteProcessMemory request was completed. (0x12B)
[0114/153931.723:ERROR:process_memory_win.cc(73)] ReadMemory at 0x27d83952ff80 of 512 bytes failed: Only part of a ReadProcessMemory or WriteProcessMemory request was completed. (0x12B)
[0114/153931.723:ERROR:process_memory_win.cc(73)] ReadMemory at 0x27d839537f80 of 512 bytes failed: Only part of a ReadProcessMemory or WriteProcessMemory request was completed. (0x12B)
[0114/153931.723:ERROR:process_memory_win.cc(73)] ReadMemory at 0x27d839543f80 of 512 bytes failed: Only part of a ReadProcessMemory or WriteProcessMemory request was completed. (0x12B)
[0114/153931.723:ERROR:process_memory_win.cc(73)] ReadMemory at 0x27d83954ff80 of 512 bytes failed: Only part of a ReadProcessMemory or WriteProcessMemory request was completed. (0x12B)
[0114/153931.723:ERROR:process_memory_win.cc(73)] ReadMemory at 0x2c916bb105d0 of 512 bytes failed: Only part of a ReadProcessMemory or WriteProcessMemory request was completed. (0x12B)
[0114/153931.723:ERROR:process_memory_win.cc(73)] ReadMemory at 0x4b96a8182c50 of 512 bytes failed: Only part of a ReadProcessMemory or WriteProcessMemory request was completed. (0x12B)
[0114/153931.723:ERROR:process_memory_win.cc(73)] ReadMemory at 0x7786d85ed980 of 512 bytes failed: Only part of a ReadProcessMemory or WriteProcessMemory request was completed. (0x12B)
[0114/153931.723:ERROR:process_memory_win.cc(73)] ReadMemory at 0x7786d88c7f80 of 128 bytes failed: Only part of a ReadProcessMemory or WriteProcessMemory request was completed. (0x12B)
[0114/153931.723:ERROR:process_memory_win.cc(73)] ReadMemory at 0x7ff9135b7f80 of 512 bytes failed: Only part of a ReadProcessMemory or WriteProcessMemory request was completed. (0x12B)
[0114/153931.723:ERROR:process_memory_win.cc(73)] ReadMemory at 0x7ff91499dd20 of 512 bytes failed: Only part of a ReadProcessMemory or WriteProcessMemory request was completed. (0x12B)
[0114/153931.723:ERROR:process_memory_win.cc(73)] ReadMemory at 0x7ff914ca84ed of 512 bytes failed: Only part of a ReadProcessMemory or WriteProcessMemory request was completed. (0x12B)
[0114/153931.723:ERROR:process_memory_win.cc(73)] ReadMemory at 0x7ff915327cf3 of 512 bytes failed: Only part of a ReadProcessMemory or WriteProcessMemory request was completed. (0x12B)
[0114/153931.723:ERROR:process_memory_win.cc(73)] ReadMemory at 0x7ff91974af62 of 512 bytes failed: Only part of a ReadProcessMemory or WriteProcessMemory request was completed. (0x12B)
[0114/153931.723:ERROR:process_memory_win.cc(73)] ReadMemory at 0x7ff919fb9897 of 512 bytes failed: Only part of a ReadProcessMemory or WriteProcessMemory request was completed. (0x12B)
[0114/153931.723:ERROR:process_memory_win.cc(73)] ReadMemory at 0x7ff91a66f140 of 512 bytes failed: Only part of a ReadProcessMemory or WriteProcessMemory request was completed. (0x12B)
[0114/153931.723:ERROR:process_memory_win.cc(73)] ReadMemory at 0x7ff9b2e84a50 of 512 bytes failed: Only part of a ReadProcessMemory or WriteProcessMemory request was completed. (0x12B)
[0114/153931.723:ERROR:process_memory_win.cc(73)] ReadMemory at 0x7ff9b38ebfb4 of 512 bytes failed: Only part of a ReadProcessMemory or WriteProcessMemory request was completed. (0x12B)
[0114/153931.723:ERROR:process_memory_win.cc(73)] ReadMemory at 0x7ff9b38ec5b4 of 512 bytes failed: Only part of a ReadProcessMemory or WriteProcessMemory request was completed. (0x12B)
[0114/153931.723:ERROR:process_memory_win.cc(73)] ReadMemory at 0x7ff9b38ef924 of 608 bytes failed: Only part of a ReadProcessMemory or WriteProcessMemory request was completed. (0x12B)
[0114/153931.723:ERROR:process_memory_win.cc(73)] ReadMemory at 0x7ff9b3980a00 of 18 bytes failed: Only part of a ReadProcessMemory or WriteProcessMemory request was completed. (0x12B)
[0114/153931.723:ERROR:process_memory_win.cc(73)] ReadMemory at 0x7ff9b39b54f8 of 40 bytes failed: Only part of a ReadProcessMemory or WriteProcessMemory request was completed. (0x12B)
[0114/153931.723:ERROR:process_memory_win.cc(73)] ReadMemory at 0x7ff9b39b5978 of 48 bytes failed: Only part of a ReadProcessMemory or WriteProcessMemory request was completed. (0x12B)
[0114/153931.723:ERROR:process_memory_win.cc(73)] ReadMemory at 0x7ff9b39bb4c0 of 64 bytes failed: Only part of a ReadProcessMemory or WriteProcessMemory request was completed. (0x12B)
[0114/153931.724:ERROR:scoped_process_suspend.cc(40)] NtResumeProcess: An attempt was made to access an exiting process. (0xc000010a)
